<?xml version="1.0" encoding="UTF-8"?>
<testng-results ignored="0" total="1" passed="1" failed="0" skipped="0">
  <reporter-output>
  </reporter-output>
  <suite started-at="2025-07-19T11:08:32 IST" name="Suite" finished-at="2025-07-19T11:08:47 IST" duration-ms="14965">
    <groups>
    </groups>
    <test started-at="2025-07-19T11:08:32 IST" name="Test" finished-at="2025-07-19T11:08:47 IST" duration-ms="14965">
      <class name="testcases.BusSearchTest">
        <test-method is-config="true" signature="setUp()[pri:0, instance:testcases.BusSearchTest@25ce9dc4]" started-at="2025-07-19T11:08:32 IST" name="setUp" finished-at="2025-07-19T11:08:43 IST" duration-ms="11028" status="PASS">
          <reporter-output>
          </reporter-output>
        </test-method> <!-- setUp -->
        <test-method is-config="true" signature="readCSV()[pri:0, instance:testcases.BusSearchTest@25ce9dc4]" started-at="2025-07-19T11:08:43 IST" name="readCSV" finished-at="2025-07-19T11:08:43 IST" duration-ms="21" status="PASS">
          <reporter-output>
          </reporter-output>
        </test-method> <!-- readCSV -->
        <test-method signature="testSearchBuses()[pri:0, instance:testcases.BusSearchTest@25ce9dc4]" started-at="2025-07-19T11:08:43 IST" name="testSearchBuses" finished-at="2025-07-19T11:08:46 IST" duration-ms="3727" status="PASS">
          <reporter-output>
          </reporter-output>
        </test-method> <!-- testSearchBuses -->
        <test-method is-config="true" signature="writeCSV()[pri:0, instance:testcases.BusSearchTest@25ce9dc4]" started-at="2025-07-19T11:08:46 IST" name="writeCSV" finished-at="2025-07-19T11:08:46 IST" duration-ms="7" status="PASS">
          <reporter-output>
          </reporter-output>
        </test-method> <!-- writeCSV -->
        <test-method is-config="true" signature="tearDown()[pri:0, instance:testcases.BusSearchTest@25ce9dc4]" started-at="2025-07-19T11:08:46 IST" name="tearDown" finished-at="2025-07-19T11:08:47 IST" duration-ms="148" status="PASS">
          <reporter-output>
          </reporter-output>
        </test-method> <!-- tearDown -->
      </class> <!-- testcases.BusSearchTest -->
    </test> <!-- Test -->
  </suite> <!-- Suite -->
</testng-results>
